Copyright 1986-2018 Xilinx, Inc. All Rights Reserved.
-----------------------------------------------------------------------------------------------------------------------------------------------------------
| Tool Version : Vivado v.2018.3 (win64) Build 2405991 Thu Dec  6 23:38:27 MST 2018
| Date         : Thu Dec  5 17:31:11 2024
| Host         : Joao running 64-bit major release  (build 9200)
| Command      : report_methodology -file Dec_Pri_methodology_drc_routed.rpt -pb Dec_Pri_methodology_drc_routed.pb -rpx Dec_Pri_methodology_drc_routed.rpx
| Design       : Dec_Pri
| Device       : xa7a35tcpg236-1I
| Speed File   : -1I
| Design State : Fully Routed
-----------------------------------------------------------------------------------------------------------------------------------------------------------

Report Methodology

Table of Contents
-----------------
1. REPORT SUMMARY
2. REPORT DETAILS

1. REPORT SUMMARY
-----------------
            Netlist: netlist
          Floorplan: design_1
      Design limits: <entire design considered>
             Max violations: <unlimited>
             Violations found: 0
+------+----------+-------------+------------+
| Rule | Severity | Description | Violations |
+------+----------+-------------+------------+
+------+----------+-------------+------------+

2. REPORT DETAILS
-----------------

