#-----------------------------------------------------------
# Vivado v2018.3 (64-bit)
# SW Build 2405991 on Thu Dec  6 23:38:27 MST 2018
# IP Build 2404404 on Fri Dec  7 01:43:56 MST 2018
# Start of session at: Thu Dec 12 12:56:32 2024
# Process ID: 4280
# Current directory: C:/Users/joaoe/Desktop/Faculdade/Materias/PED/Vivado/exp-VHDL-1
# Command line: vivado.exe -gui_launcher_event rodinguilauncherevent16900 C:\Users\joaoe\Desktop\Faculdade\Materias\PED\Vivado\exp-VHDL-1\AlarmeCarro.xpr
# Log file: C:/Users/joaoe/Desktop/Faculdade/Materias/PED/Vivado/exp-VHDL-1/vivado.log
# Journal file: C:/Users/joaoe/Desktop/Faculdade/Materias/PED/Vivado/exp-VHDL-1\vivado.jou
#-----------------------------------------------------------
start_gui
open_project C:/Users/joaoe/Desktop/Faculdade/Materias/PED/Vivado/exp-VHDL-1/AlarmeCarro.xpr
INFO: [Project 1-313] Project file moved from 'C:/Users/joaoe/Desktop/Faculdade/Materias/PED/Vivado/AlarmeCarro' since last save.
CRITICAL WARNING: [Project 1-311] Could not find the file 'C:/Users/joaoe/Desktop/Faculdade/Materias/PED/Vivado/exp-VHDL-1/AlarmeCarro.srcs/sources_1/new/Alarme.vhd', nor could it be found using path 'C:/Users/joaoe/Desktop/Faculdade/Materias/PED/Vivado/AlarmeCarro/AlarmeCarro.srcs/sources_1/new/Alarme.vhd'.
CRITICAL WARNING: [Project 1-311] Could not find the file 'C:/Users/joaoe/Desktop/Faculdade/Materias/PED/Vivado/exp-VHDL-1/AlarmeCarro.srcs/constrs_1/imports/Vivado/Master.xdc', nor could it be found using path 'C:/Users/joaoe/Desktop/Faculdade/Materias/PED/Vivado/AlarmeCarro/AlarmeCarro.srcs/constrs_1/imports/Vivado/Master.xdc'.
Scanning sources...
Finished scanning sources
WARNING: [Project 1-509] GeneratedRun file for 'synth_1' not found
WARNING: [Project 1-509] GeneratedRun file for 'impl_1' not found
WARNING: [filemgmt 56-2] IPUserFilesDir: Could not find the directory 'C:/Users/joaoe/Desktop/Faculdade/Materias/PED/Vivado/exp-VHDL-1/AlarmeCarro.ip_user_files', nor could it be found using path 'C:/Users/joaoe/Desktop/Faculdade/Materias/PED/Vivado/AlarmeCarro/AlarmeCarro.ip_user_files'.
INFO: [IP_Flow 19-234] Refreshing IP repositories
INFO: [IP_Flow 19-1704] No user IP repositories specified
INFO: [IP_Flow 19-2313] Loaded Vivado IP repository 'C:/Xilinx/Vivado/2018.3/data/ip'.
update_compile_order -fileset sources_1
exit
INFO: [Common 17-206] Exiting Vivado at Thu Dec 12 12:57:22 2024...
